# JRE version: OpenJDK Runtime Environment Temurin-21.0.9+10 (21.0.9+10) (build 21.0.9+10-LTS)
# Java VM: OpenJDK 64-Bit Server VM Temurin-21.0.9+10 (21.0.9+10-LTS, mixed mode, sharing, tiered, compressed oops, compressed class ptrs, parallel gc, windows-amd64)
GC Precious Log:
 CardTable entry size: 512
 CPUs: 6 total, 6 available
 Memory: 15591M
 Large Page Support: Disabled
 NUMA Support: Disabled
 Compressed Oops: Enabled (32-bit)
 Alignments: Space 512K, Generation 512K, Heap 2M
 Heap Min Capacity: 100M
 Heap Initial Capacity: 100M
 Heap Max Capacity: 2G
 Pre-touch: Disabled
 Parallel Workers: 6
Heap:
 PSYoungGen      total 6144K, used 563K [0x00000000d5580000, 0x00000000d6180000, 0x0000000100000000)
  eden space 5632K, 5% used [0x00000000d5580000,0x00000000d55ccd70,0x00000000d5b00000)
  from space 512K, 50% used [0x00000000d6080000,0x00000000d60c0000,0x00000000d6100000)
  to   space 512K, 0% used [0x00000000d6100000,0x00000000d6100000,0x00000000d6180000)
 ParOldGen       total 217600K, used 217408K [0x0000000080000000, 0x000000008d480000, 0x00000000d5580000)
  object space 217600K, 99% used [0x0000000080000000,0x000000008d4500f0,0x000000008d480000)
 Metaspace       used 76332K, committed 77824K, reserved 1179648K
  class space    used 8090K, committed 8768K, reserved 1048576K
GC Heap History (20 events):
Event: 254.784 GC heap before
{Heap before GC invocations=244 (full 3):
 PSYoungGen      total 3584K, used 3476K [0x00000000d5580000, 0x00000000d5a00000, 0x0000000100000000)
  eden space 3072K, 100% used [0x00000000d5580000,0x00000000d5880000,0x00000000d5880000)
  from space 512K, 79% used [0x00000000d5980000,0x00000000d59e5200,0x00000000d5a00000)
  to   space 512K, 0% used [0x00000000d5900000,0x00000000d5900000,0x00000000d5980000)
 ParOldGen       total 205312K, used 205152K [0x0000000080000000, 0x000000008c880000, 0x00000000d5580000)
  object space 205312K, 99% used [0x0000000080000000,0x000000008c858190,0x000000008c880000)
 Metaspace       used 76057K, committed 77504K, reserved 1179648K
  class space    used 8063K, committed 8704K, reserved 1048576K
}
Event: 254.786 GC heap after
{Heap after GC invocations=244 (full 3):
 PSYoungGen      total 3584K, used 384K [0x00000000d5580000, 0x00000000d5a00000, 0x0000000100000000)
  eden space 3072K, 0% used [0x00000000d5580000,0x00000000d5580000,0x00000000d5880000)
  from space 512K, 75% used [0x00000000d5900000,0x00000000d5960000,0x00000000d5980000)
  to   space 512K, 0% used [0x00000000d5980000,0x00000000d5980000,0x00000000d5a00000)
 ParOldGen       total 205824K, used 205508K [0x0000000080000000, 0x000000008c900000, 0x00000000d5580000)
  object space 205824K, 99% used [0x0000000080000000,0x000000008c8b1390,0x000000008c900000)
 Metaspace       used 76057K, committed 77504K, reserved 1179648K
  class space    used 8063K, committed 8704K, reserved 1048576K
}
Event: 254.797 GC heap before
{Heap before GC invocations=245 (full 3):
 PSYoungGen      total 3584K, used 3456K [0x00000000d5580000, 0x00000000d5a00000, 0x0000000100000000)
  eden space 3072K, 100% used [0x00000000d5580000,0x00000000d5880000,0x00000000d5880000)
  from space 512K, 75% used [0x00000000d5900000,0x00000000d5960000,0x00000000d5980000)
  to   space 512K, 0% used [0x00000000d5980000,0x00000000d5980000,0x00000000d5a00000)
 ParOldGen       total 205824K, used 205508K [0x0000000080000000, 0x000000008c900000, 0x00000000d5580000)
  object space 205824K, 99% used [0x0000000080000000,0x000000008c8b1390,0x000000008c900000)
 Metaspace       used 76066K, committed 77504K, reserved 1179648K
  class space    used 8063K, committed 8704K, reserved 1048576K
}
Event: 254.798 GC heap after
{Heap after GC invocations=245 (full 3):
 PSYoungGen      total 3584K, used 410K [0x00000000d5580000, 0x00000000d5a00000, 0x0000000100000000)
  eden space 3072K, 0% used [0x00000000d5580000,0x00000000d5580000,0x00000000d5880000)
  from space 512K, 80% used [0x00000000d5980000,0x00000000d59e6900,0x00000000d5a00000)
  to   space 512K, 0% used [0x00000000d5900000,0x00000000d5900000,0x00000000d5980000)
 ParOldGen       total 205824K, used 205820K [0x0000000080000000, 0x000000008c900000, 0x00000000d5580000)
  object space 205824K, 99% used [0x0000000080000000,0x000000008c8ff390,0x000000008c900000)
 Metaspace       used 76066K, committed 77504K, reserved 1179648K
  class space    used 8063K, committed 8704K, reserved 1048576K
}
Event: 254.802 GC heap before
{Heap before GC invocations=246 (full 3):
 PSYoungGen      total 3584K, used 3482K [0x00000000d5580000, 0x00000000d5a00000, 0x0000000100000000)
  eden space 3072K, 100% used [0x00000000d5580000,0x00000000d5880000,0x00000000d5880000)
  from space 512K, 80% used [0x00000000d5980000,0x00000000d59e6900,0x00000000d5a00000)
  to   space 512K, 0% used [0x00000000d5900000,0x00000000d5900000,0x00000000d5980000)
 ParOldGen       total 205824K, used 205820K [0x0000000080000000, 0x000000008c900000, 0x00000000d5580000)
  object space 205824K, 99% used [0x0000000080000000,0x000000008c8ff390,0x000000008c900000)
 Metaspace       used 76066K, committed 77504K, reserved 1179648K
  class space    used 8063K, committed 8704K, reserved 1048576K
}
Event: 254.803 GC heap after
{Heap after GC invocations=246 (full 3):
 PSYoungGen      total 3584K, used 352K [0x00000000d5580000, 0x00000000d5a00000, 0x0000000100000000)
  eden space 3072K, 0% used [0x00000000d5580000,0x00000000d5580000,0x00000000d5880000)
  from space 512K, 68% used [0x00000000d5900000,0x00000000d5958000,0x00000000d5980000)
  to   space 512K, 0% used [0x00000000d5980000,0x00000000d5980000,0x00000000d5a00000)
 ParOldGen       total 206336K, used 206185K [0x0000000080000000, 0x000000008c980000, 0x00000000d5580000)
  object space 206336K, 99% used [0x0000000080000000,0x000000008c95a590,0x000000008c980000)
 Metaspace       used 76066K, committed 77504K, reserved 1179648K
  class space    used 8063K, committed 8704K, reserved 1048576K
}
Event: 255.428 GC heap before
{Heap before GC invocations=247 (full 3):
 PSYoungGen      total 3584K, used 3424K [0x00000000d5580000, 0x00000000d5a00000, 0x0000000100000000)
  eden space 3072K, 100% used [0x00000000d5580000,0x00000000d5880000,0x00000000d5880000)
  from space 512K, 68% used [0x00000000d5900000,0x00000000d5958000,0x00000000d5980000)
  to   space 512K, 0% used [0x00000000d5980000,0x00000000d5980000,0x00000000d5a00000)
 ParOldGen       total 206336K, used 206185K [0x0000000080000000, 0x000000008c980000, 0x00000000d5580000)
  object space 206336K, 99% used [0x0000000080000000,0x000000008c95a590,0x000000008c980000)
 Metaspace       used 76073K, committed 77504K, reserved 1179648K
  class space    used 8063K, committed 8704K, reserved 1048576K
}
Event: 255.429 GC heap after
{Heap after GC invocations=247 (full 3):
 PSYoungGen      total 3584K, used 410K [0x00000000d5580000, 0x00000000d5a00000, 0x0000000100000000)
  eden space 3072K, 0% used [0x00000000d5580000,0x00000000d5580000,0x00000000d5880000)
  from space 512K, 80% used [0x00000000d5980000,0x00000000d59e6900,0x00000000d5a00000)
  to   space 512K, 0% used [0x00000000d5900000,0x00000000d5900000,0x00000000d5980000)
 ParOldGen       total 207360K, used 207335K [0x0000000080000000, 0x000000008ca80000, 0x00000000d5580000)
  object space 207360K, 99% used [0x0000000080000000,0x000000008ca79cf0,0x000000008ca80000)
 Metaspace       used 76073K, committed 77504K, reserved 1179648K
  class space    used 8063K, committed 8704K, reserved 1048576K
}
Event: 255.435 GC heap before
{Heap before GC invocations=248 (full 3):
 PSYoungGen      total 3584K, used 3482K [0x00000000d5580000, 0x00000000d5a00000, 0x0000000100000000)
  eden space 3072K, 100% used [0x00000000d5580000,0x00000000d5880000,0x00000000d5880000)
  from space 512K, 80% used [0x00000000d5980000,0x00000000d59e6900,0x00000000d5a00000)
  to   space 512K, 0% used [0x00000000d5900000,0x00000000d5900000,0x00000000d5980000)
 ParOldGen       total 207360K, used 207335K [0x0000000080000000, 0x000000008ca80000, 0x00000000d5580000)
  object space 207360K, 99% used [0x0000000080000000,0x000000008ca79cf0,0x000000008ca80000)
 Metaspace       used 76073K, committed 77504K, reserved 1179648K
  class space    used 8063K, committed 8704K, reserved 1048576K
}
Event: 255.438 GC heap after
{Heap after GC invocations=248 (full 3):
 PSYoungGen      total 3584K, used 512K [0x00000000d5580000, 0x00000000d6080000, 0x0000000100000000)
  eden space 3072K, 0% used [0x00000000d5580000,0x00000000d5580000,0x00000000d5880000)
  from space 512K, 100% used [0x00000000d5900000,0x00000000d5980000,0x00000000d5980000)
  to   space 4096K, 0% used [0x00000000d5c80000,0x00000000d5c80000,0x00000000d6080000)
 ParOldGen       total 210432K, used 210219K [0x0000000080000000, 0x000000008cd80000, 0x00000000d5580000)
  object space 210432K, 99% used [0x0000000080000000,0x000000008cd4aef0,0x000000008cd80000)
 Metaspace       used 76073K, committed 77504K, reserved 1179648K
  class space    used 8063K, committed 8704K, reserved 1048576K
}
Event: 255.443 GC heap before
{Heap before GC invocations=249 (full 3):
 PSYoungGen      total 3584K, used 3584K [0x00000000d5580000, 0x00000000d6080000, 0x0000000100000000)
  eden space 3072K, 100% used [0x00000000d5580000,0x00000000d5880000,0x00000000d5880000)
  from space 512K, 100% used [0x00000000d5900000,0x00000000d5980000,0x00000000d5980000)
  to   space 4096K, 0% used [0x00000000d5c80000,0x00000000d5c80000,0x00000000d6080000)
 ParOldGen       total 210432K, used 210219K [0x0000000080000000, 0x000000008cd80000, 0x00000000d5580000)
  object space 210432K, 99% used [0x0000000080000000,0x000000008cd4aef0,0x000000008cd80000)
 Metaspace       used 76073K, committed 77504K, reserved 1179648K
  class space    used 8063K, committed 8704K, reserved 1048576K
}
Event: 255.446 GC heap after
{Heap after GC invocations=249 (full 3):
 PSYoungGen      total 7680K, used 3136K [0x00000000d5580000, 0x00000000d6080000, 0x0000000100000000)
  eden space 3584K, 0% used [0x00000000d5580000,0x00000000d5580000,0x00000000d5900000)
  from space 4096K, 76% used [0x00000000d5c80000,0x00000000d5f90000,0x00000000d6080000)
  to   space 3584K, 0% used [0x00000000d5900000,0x00000000d5900000,0x00000000d5c80000)
 ParOldGen       total 210944K, used 210771K [0x0000000080000000, 0x000000008ce00000, 0x00000000d5580000)
  object space 210944K, 99% used [0x0000000080000000,0x000000008cdd4ef0,0x000000008ce00000)
 Metaspace       used 76073K, committed 77504K, reserved 1179648K
  class space    used 8063K, committed 8704K, reserved 1048576K
}
Event: 255.453 GC heap before
{Heap before GC invocations=250 (full 3):
 PSYoungGen      total 7680K, used 6720K [0x00000000d5580000, 0x00000000d6080000, 0x0000000100000000)
  eden space 3584K, 100% used [0x00000000d5580000,0x00000000d5900000,0x00000000d5900000)
  from space 4096K, 76% used [0x00000000d5c80000,0x00000000d5f90000,0x00000000d6080000)
  to   space 3584K, 0% used [0x00000000d5900000,0x00000000d5900000,0x00000000d5c80000)
 ParOldGen       total 210944K, used 210771K [0x0000000080000000, 0x000000008ce00000, 0x00000000d5580000)
  object space 210944K, 99% used [0x0000000080000000,0x000000008cdd4ef0,0x000000008ce00000)
 Metaspace       used 76073K, committed 77504K, reserved 1179648K
  class space    used 8063K, committed 8704K, reserved 1048576K
}
Event: 255.456 GC heap after
{Heap after GC invocations=250 (full 3):
 PSYoungGen      total 7168K, used 3572K [0x00000000d5580000, 0x00000000d6900000, 0x0000000100000000)
  eden space 3584K, 0% used [0x00000000d5580000,0x00000000d5580000,0x00000000d5900000)
  from space 3584K, 99% used [0x00000000d5900000,0x00000000d5c7d200,0x00000000d5c80000)
  to   space 7680K, 0% used [0x00000000d6180000,0x00000000d6180000,0x00000000d6900000)
 ParOldGen       total 214016K, used 213867K [0x0000000080000000, 0x000000008d100000, 0x00000000d5580000)
  object space 214016K, 99% used [0x0000000080000000,0x000000008d0daef0,0x000000008d100000)
 Metaspace       used 76073K, committed 77504K, reserved 1179648K
  class space    used 8063K, committed 8704K, reserved 1048576K
}
Event: 255.462 GC heap before
{Heap before GC invocations=251 (full 3):
 PSYoungGen      total 7168K, used 7156K [0x00000000d5580000, 0x00000000d6900000, 0x0000000100000000)
  eden space 3584K, 100% used [0x00000000d5580000,0x00000000d5900000,0x00000000d5900000)
  from space 3584K, 99% used [0x00000000d5900000,0x00000000d5c7d200,0x00000000d5c80000)
  to   space 7680K, 0% used [0x00000000d6180000,0x00000000d6180000,0x00000000d6900000)
 ParOldGen       total 214016K, used 213867K [0x0000000080000000, 0x000000008d100000, 0x00000000d5580000)
  object space 214016K, 99% used [0x0000000080000000,0x000000008d0daef0,0x000000008d100000)
 Metaspace       used 76073K, committed 77504K, reserved 1179648K
  class space    used 8063K, committed 8704K, reserved 1048576K
}
Event: 255.465 GC heap after
{Heap after GC invocations=251 (full 3):
 PSYoungGen      total 5632K, used 576K [0x00000000d5580000, 0x00000000d6280000, 0x0000000100000000)
  eden space 4608K, 0% used [0x00000000d5580000,0x00000000d5580000,0x00000000d5a00000)
  from space 1024K, 56% used [0x00000000d6180000,0x00000000d6210000,0x00000000d6280000)
  to   space 3072K, 0% used [0x00000000d5c80000,0x00000000d5c80000,0x00000000d5f80000)
 ParOldGen       total 217600K, used 217336K [0x0000000080000000, 0x000000008d480000, 0x00000000d5580000)
  object space 217600K, 99% used [0x0000000080000000,0x000000008d43e0f0,0x000000008d480000)
 Metaspace       used 76073K, committed 77504K, reserved 1179648K
  class space    used 8063K, committed 8704K, reserved 1048576K
}
Event: 255.570 GC heap before
{Heap before GC invocations=252 (full 3):
 PSYoungGen      total 5632K, used 5184K [0x00000000d5580000, 0x00000000d6280000, 0x0000000100000000)
  eden space 4608K, 100% used [0x00000000d5580000,0x00000000d5a00000,0x00000000d5a00000)
  from space 1024K, 56% used [0x00000000d6180000,0x00000000d6210000,0x00000000d6280000)
  to   space 3072K, 0% used [0x00000000d5c80000,0x00000000d5c80000,0x00000000d5f80000)
 ParOldGen       total 217600K, used 217336K [0x0000000080000000, 0x000000008d480000, 0x00000000d5580000)
  object space 217600K, 99% used [0x0000000080000000,0x000000008d43e0f0,0x000000008d480000)
 Metaspace       used 76088K, committed 77504K, reserved 1179648K
  class space    used 8064K, committed 8704K, reserved 1048576K
}
Event: 255.571 GC heap after
{Heap after GC invocations=252 (full 3):
 PSYoungGen      total 8704K, used 372K [0x00000000d5580000, 0x00000000d6200000, 0x0000000100000000)
  eden space 5632K, 0% used [0x00000000d5580000,0x00000000d5580000,0x00000000d5b00000)
  from space 3072K, 12% used [0x00000000d5c80000,0x00000000d5cdd200,0x00000000d5f80000)
  to   space 1024K, 0% used [0x00000000d6100000,0x00000000d6100000,0x00000000d6200000)
 ParOldGen       total 217600K, used 217368K [0x0000000080000000, 0x000000008d480000, 0x00000000d5580000)
  object space 217600K, 99% used [0x0000000080000000,0x000000008d4460f0,0x000000008d480000)
 Metaspace       used 76088K, committed 77504K, reserved 1179648K
  class space    used 8064K, committed 8704K, reserved 1048576K
}
Event: 255.636 GC heap before
{Heap before GC invocations=253 (full 3):
 PSYoungGen      total 8704K, used 6004K [0x00000000d5580000, 0x00000000d6200000, 0x0000000100000000)
  eden space 5632K, 100% used [0x00000000d5580000,0x00000000d5b00000,0x00000000d5b00000)
  from space 3072K, 12% used [0x00000000d5c80000,0x00000000d5cdd200,0x00000000d5f80000)
  to   space 1024K, 0% used [0x00000000d6100000,0x00000000d6100000,0x00000000d6200000)
 ParOldGen       total 217600K, used 217368K [0x0000000080000000, 0x000000008d480000, 0x00000000d5580000)
  object space 217600K, 99% used [0x0000000080000000,0x000000008d4460f0,0x000000008d480000)
 Metaspace       used 76092K, committed 77504K, reserved 1179648K
  class space    used 8064K, committed 8704K, reserved 1048576K
}
Event: 255.637 GC heap after
{Heap after GC invocations=253 (full 3):
 PSYoungGen      total 6144K, used 186K [0x00000000d5580000, 0x00000000d6180000, 0x0000000100000000)
  eden space 5632K, 0% used [0x00000000d5580000,0x00000000d5580000,0x00000000d5b00000)
  from space 512K, 36% used [0x00000000d6100000,0x00000000d612e900,0x00000000d6180000)
  to   space 512K, 0% used [0x00000000d6080000,0x00000000d6080000,0x00000000d6100000)
 ParOldGen       total 217600K, used 217408K [0x0000000080000000, 0x000000008d480000, 0x00000000d5580000)
  object space 217600K, 99% used [0x0000000080000000,0x000000008d4500f0,0x000000008d480000)
 Metaspace       used 76092K, committed 77504K, reserved 1179648K
  class space    used 8064K, committed 8704K, reserved 1048576K
}

