# JRE version: Java(TM) SE Runtime Environment (17.0.2+8) (build 17.0.2+8-LTS-86)
# Java VM: Java HotSpot(TM) 64-Bit Server VM (17.0.2+8-LTS-86, mixed mode, sharing, tiered, compressed oops, compressed class ptrs, g1 gc, windows-amd64)
GC Precious Log:
 CPUs: 6 total, 6 available
 Memory: 15591M
 Large Page Support: Disabled
 NUMA Support: Disabled
 Compressed Oops: Enabled (Zero based)
 Heap Region Size: 2M
 Heap Min Capacity: 8M
 Heap Initial Capacity: 244M
 Heap Max Capacity: 3898M
 Pre-touch: Disabled
 Parallel Workers: 6
 Concurrent Workers: 2
 Concurrent Refinement Workers: 6
 Periodic GC: Disabled
Heap:
 garbage-first heap   total 69632K, used 27421K [0x000000070c600000, 0x0000000800000000)
  region size 2048K, 6 young (12288K), 2 survivors (4096K)
 Metaspace       used 33043K, committed 33408K, reserved 1081344K
  class space    used 4163K, committed 4352K, reserved 1048576K
GC Heap History (14 events):
Event: 0.614 GC heap before
{Heap before GC invocations=0 (full 0):
 garbage-first heap   total 249856K, used 22528K [0x000000070c600000, 0x0000000800000000)
  region size 2048K, 10 young (20480K), 0 survivors (0K)
 Metaspace       used 4549K, committed 4800K, reserved 1056768K
  class space    used 512K, committed 640K, reserved 1048576K
}
Event: 0.618 GC heap after
{Heap after GC invocations=1 (full 0):
 garbage-first heap   total 249856K, used 10403K [0x000000070c600000, 0x0000000800000000)
  region size 2048K, 2 young (4096K), 2 survivors (4096K)
 Metaspace       used 4549K, committed 4800K, reserved 1056768K
  class space    used 512K, committed 640K, reserved 1048576K
}
Event: 0.959 GC heap before
{Heap before GC invocations=1 (full 0):
 garbage-first heap   total 249856K, used 24739K [0x000000070c600000, 0x0000000800000000)
  region size 2048K, 9 young (18432K), 2 survivors (4096K)
 Metaspace       used 9155K, committed 9408K, reserved 1064960K
  class space    used 1159K, committed 1280K, reserved 1048576K
}
Event: 0.962 GC heap after
{Heap after GC invocations=2 (full 0):
 garbage-first heap   total 249856K, used 12029K [0x000000070c600000, 0x0000000800000000)
  region size 2048K, 1 young (2048K), 1 survivors (2048K)
 Metaspace       used 9155K, committed 9408K, reserved 1064960K
  class space    used 1159K, committed 1280K, reserved 1048576K
}
Event: 1.431 GC heap before
{Heap before GC invocations=2 (full 0):
 garbage-first heap   total 249856K, used 50941K [0x000000070c600000, 0x0000000800000000)
  region size 2048K, 20 young (40960K), 1 survivors (2048K)
 Metaspace       used 18127K, committed 18368K, reserved 1064960K
  class space    used 2272K, committed 2368K, reserved 1048576K
}
Event: 1.434 GC heap after
{Heap after GC invocations=3 (full 0):
 garbage-first heap   total 249856K, used 14740K [0x000000070c600000, 0x0000000800000000)
  region size 2048K, 3 young (6144K), 3 survivors (6144K)
 Metaspace       used 18127K, committed 18368K, reserved 1064960K
  class space    used 2272K, committed 2368K, reserved 1048576K
}
Event: 1.583 GC heap before
{Heap before GC invocations=3 (full 0):
 garbage-first heap   total 249856K, used 31124K [0x000000070c600000, 0x0000000800000000)
  region size 2048K, 12 young (24576K), 3 survivors (6144K)
 Metaspace       used 21241K, committed 21504K, reserved 1073152K
  class space    used 2550K, committed 2688K, reserved 1048576K
}
Event: 1.587 GC heap after
{Heap after GC invocations=4 (full 0):
 garbage-first heap   total 249856K, used 16169K [0x000000070c600000, 0x0000000800000000)
  region size 2048K, 3 young (6144K), 3 survivors (6144K)
 Metaspace       used 21241K, committed 21504K, reserved 1073152K
  class space    used 2550K, committed 2688K, reserved 1048576K
}
Event: 1.936 GC heap before
{Heap before GC invocations=5 (full 0):
 garbage-first heap   total 69632K, used 48937K [0x000000070c600000, 0x0000000800000000)
  region size 2048K, 20 young (40960K), 3 survivors (6144K)
 Metaspace       used 26639K, committed 26944K, reserved 1073152K
  class space    used 3230K, committed 3392K, reserved 1048576K
}
Event: 1.941 GC heap after
{Heap after GC invocations=6 (full 0):
 garbage-first heap   total 69632K, used 18508K [0x000000070c600000, 0x0000000800000000)
  region size 2048K, 2 young (4096K), 2 survivors (4096K)
 Metaspace       used 26639K, committed 26944K, reserved 1073152K
  class space    used 3230K, committed 3392K, reserved 1048576K
}
Event: 1.966 GC heap before
{Heap before GC invocations=6 (full 0):
 garbage-first heap   total 69632K, used 20556K [0x000000070c600000, 0x0000000800000000)
  region size 2048K, 3 young (6144K), 2 survivors (4096K)
 Metaspace       used 27129K, committed 27456K, reserved 1081344K
  class space    used 3291K, committed 3456K, reserved 1048576K
}
Event: 1.969 GC heap after
{Heap after GC invocations=7 (full 0):
 garbage-first heap   total 69632K, used 18800K [0x000000070c600000, 0x0000000800000000)
  region size 2048K, 1 young (2048K), 1 survivors (2048K)
 Metaspace       used 27129K, committed 27456K, reserved 1081344K
  class space    used 3291K, committed 3456K, reserved 1048576K
}
Event: 2.522 GC heap before
{Heap before GC invocations=7 (full 0):
 garbage-first heap   total 69632K, used 45424K [0x000000070c600000, 0x0000000800000000)
  region size 2048K, 14 young (28672K), 1 survivors (2048K)
 Metaspace       used 31994K, committed 32320K, reserved 1081344K
  class space    used 3984K, committed 4160K, reserved 1048576K
}
Event: 2.527 GC heap after
{Heap after GC invocations=8 (full 0):
 garbage-first heap   total 69632K, used 21277K [0x000000070c600000, 0x0000000800000000)
  region size 2048K, 2 young (4096K), 2 survivors (4096K)
 Metaspace       used 31994K, committed 32320K, reserved 1081344K
  class space    used 3984K, committed 4160K, reserved 1048576K
}

