<?xml version="1.0" encoding="UTF-8"?>
<testsuite xmlns:xsi="http://www.w3.org/2001/XMLSchema-instance" xsi:noNamespaceSchemaLocation="https://maven.apache.org/surefire/maven-surefire-plugin/xsd/surefire-test-report-3.0.xsd" version="3.0" name="xw.szbz.cn.SecurityIntegrationTest" time="0.346" tests="6" errors="0" skipped="0" failures="0">
  <properties>
[...]
</properties>
  <testcase name="testTimestampValidation" classname="xw.szbz.cn.SecurityIntegrationTest" time="0.0">
    <system-out><![CDATA[2025-12-29T20:46:06.443+08:00  INFO 5292 --- [szbzApi] [           main] t.c.s.AnnotationConfigContextLoaderUtils : Could not detect default configuration classes for test class [xw.szbz.cn.SecurityIntegrationTest]: SecurityIntegrationTest does not declare any static, non-private, non-final, nested classes annotated with @Configuration.
2025-12-29T20:46:06.457+08:00  INFO 5292 --- [szbzApi] [           main] .b.t.c.SpringBootTestContextBootstrapper : Found @SpringBootConfiguration xw.szbz.cn.SzbzApiApplication for test class xw.szbz.cn.SecurityIntegrationTest

  .   ____          _            __ _ _
 /\\ / ___'_ __ _ _(_)_ __  __ _ \ \ \ \
( ( )\___ | '_ | '_| | '_ \/ _` | \ \ \ \
 \\/  ___)| |_)| | | | | || (_| |  ) ) ) )
  '  |____| .__|_| |_|_| |_\__, | / / / /
 =========|_|==============|___/=/_/_/_/
 :: Spring Boot ::                (v3.2.0)

2025-12-29T20:46:06.473+08:00  INFO 5292 --- [szbzApi] [           main] xw.szbz.cn.SecurityIntegrationTest       : Starting SecurityIntegrationTest using Java 17.0.2 with PID 5292 (started by 86186 in D:\project\szbz)
2025-12-29T20:46:06.473+08:00  INFO 5292 --- [szbzApi] [           main] xw.szbz.cn.SecurityIntegrationTest       : No active profile set, falling back to 1 default profile: "default"
2025-12-29T20:46:06.768+08:00  INFO 5292 --- [szbzApi] [           main] xw.szbz.cn.SecurityIntegrationTest       : Started SecurityIntegrationTest in 0.311 seconds (process running for 6.187)
Current timestamp is valid: true
Old timestamp (3s ago) is valid: false
Border timestamp (1.5s ago) is valid: true
]]></system-out>
  </testcase>
  <testcase name="testJwtGeneration" classname="xw.szbz.cn.SecurityIntegrationTest" time="0.0">
    <system-out><![CDATA[Generated JWT Token: eyJhbGciOiJIUzM4NCJ9.eyJzdWIiOiJvQUJDRDEyMzQ1Njc4OTAiLCJpYXQiOjE3NjcwMTIzNjYsImV4cCI6MTc2NzA5ODc2Nn0.042H95mzJRs9ATlH52JRKo1PklCh8mwTmY98RAXdAEzabA0ILr1ip_adM_FYWjXh
Token is valid: true
Extracted OpenId: oABCD1234567890
]]></system-out>
  </testcase>
  <testcase name="testPostmanRequestExample" classname="xw.szbz.cn.SecurityIntegrationTest" time="0.013">
    <system-out><![CDATA[
=== Postman配置示例 ===
URL: http://localhost:8080/api/bazi/analyze
Method: POST

Headers:
  Content-Type: application/json
  Authorization: Bearer eyJhbGciOiJIUzM4NCJ9.eyJzdWIiOiJvQUJDRDEyMzQ1Njc4OTAiLCJpYXQiOjE3NjcwMTIzNjYsImV4cCI6MTc2NzA5ODc2Nn0.042H95mzJRs9ATlH52JRKo1PklCh8mwTmY98RAXdAEzabA0ILr1ip_adM_FYWjXh
  X-Timestamp: 1767012366768
  X-Sign: e718f6452142b33fc1789c96f5e9acd0

Body (raw JSON):
{
  "gender" : "男",
  "month" : 11,
  "hour" : 0,
  "year" : 1984,
  "day" : 27
}

⚠️  注意事项：
1. Token 需要先通过 /api/bazi/login 接口获取
2. 时间戳有效期为2秒，超时需重新生成签名
3. Token有效期为24小时
]]></system-out>
  </testcase>
  <testcase name="testCurlCommandGeneration" classname="xw.szbz.cn.SecurityIntegrationTest" time="0.006">
    <system-out><![CDATA[
=== CURL测试命令 ===
curl -X POST http://localhost:8080/api/bazi/analyze \
  -H "Content-Type: application/json" \
  -H "Authorization: Bearer eyJhbGciOiJIUzM4NCJ9.eyJzdWIiOiJvQUJDRDEyMzQ1Njc4OTAiLCJpYXQiOjE3NjcwMTIzNjYsImV4cCI6MTc2NzA5ODc2Nn0.042H95mzJRs9ATlH52JRKo1PklCh8mwTmY98RAXdAEzabA0ILr1ip_adM_FYWjXh" \
  -H "X-Timestamp: 1767012366781" \
  -H "X-Sign: 6eefe6ecf5055aa9f21e101243ad8139" \
  -d '{
    "gender": "男",
    "year": 1984,
    "month": 11,
    "day": 27,
    "hour": 0
  }'

注意：Token 需要先调用 /api/bazi/login 接口获取
]]></system-out>
  </testcase>
  <testcase name="testSignatureGeneration" classname="xw.szbz.cn.SecurityIntegrationTest" time="0.0">
    <system-out><![CDATA[Timestamp: 1767012366787
Generated Signature: 9054e0aef8d7c832507c00da060720e8
Signature is valid: true
]]></system-out>
  </testcase>
  <testcase name="testCompleteRequestFlow" classname="xw.szbz.cn.SecurityIntegrationTest" time="0.0">
    <system-out><![CDATA[=== 完整请求示例 ===
Request Body: xw.szbz.cn.model.BaZiRequest@20e48e63
X-Timestamp: 1767012366787
X-Sign: 9054e0aef8d7c832507c00da060720e8
Timestamp Valid: true
Signature Valid: true
Generated JWT Token: eyJhbGciOiJIUzM4NCJ9.eyJzdWIiOiJvQUJDRDEyMzQ1Njc4OTAiLCJpYXQiOjE3NjcwMTIzNjYsImV4cCI6MTc2NzA5ODc2Nn0.042H95mzJRs9ATlH52JRKo1PklCh8mwTmY98RAXdAEzabA0ILr1ip_adM_FYWjXh
]]></system-out>
  </testcase>
</testsuite>