<?xml version="1.0" encoding="UTF-8"?>
<testsuite xmlns:xsi="http://www.w3.org/2001/XMLSchema-instance" xsi:noNamespaceSchemaLocation="https://maven.apache.org/surefire/maven-surefire-plugin/xsd/surefire-test-report-3.0.xsd" version="3.0" name="xw.szbz.cn.enums.DiZhiTest" time="0.379" tests="30" errors="0" skipped="0" failures="0">
  <properties>
[...]
</properties>
  <testcase name="testFromHour_0_ReturnsZi" classname="xw.szbz.cn.enums.DiZhiTest" time="0.011"/>
  <testcase name="testFromHour_23_ReturnsZi" classname="xw.szbz.cn.enums.DiZhiTest" time="0.001"/>
  <testcase name="testDiZhiCount" classname="xw.szbz.cn.enums.DiZhiTest" time="0.0"/>
  <testcase name="testFromHour(int, String)[1]" classname="xw.szbz.cn.enums.DiZhiTest" time="0.066"/>
  <testcase name="testFromHour(int, String)[2]" classname="xw.szbz.cn.enums.DiZhiTest" time="0.001"/>
  <testcase name="testFromHour(int, String)[3]" classname="xw.szbz.cn.enums.DiZhiTest" time="0.001"/>
  <testcase name="testFromHour(int, String)[4]" classname="xw.szbz.cn.enums.DiZhiTest" time="0.004"/>
  <testcase name="testFromHour(int, String)[5]" classname="xw.szbz.cn.enums.DiZhiTest" time="0.001"/>
  <testcase name="testFromHour(int, String)[6]" classname="xw.szbz.cn.enums.DiZhiTest" time="0.001"/>
  <testcase name="testFromHour(int, String)[7]" classname="xw.szbz.cn.enums.DiZhiTest" time="0.001"/>
  <testcase name="testFromHour(int, String)[8]" classname="xw.szbz.cn.enums.DiZhiTest" time="0.001"/>
  <testcase name="testFromHour(int, String)[9]" classname="xw.szbz.cn.enums.DiZhiTest" time="0.001"/>
  <testcase name="testFromHour(int, String)[10]" classname="xw.szbz.cn.enums.DiZhiTest" time="0.001"/>
  <testcase name="testFromHour(int, String)[11]" classname="xw.szbz.cn.enums.DiZhiTest" time="0.018"/>
  <testcase name="testFromHour(int, String)[12]" classname="xw.szbz.cn.enums.DiZhiTest" time="0.002"/>
  <testcase name="testFromHour(int, String)[13]" classname="xw.szbz.cn.enums.DiZhiTest" time="0.001"/>
  <testcase name="testFromHour(int, String)[14]" classname="xw.szbz.cn.enums.DiZhiTest" time="0.001"/>
  <testcase name="testFromHour(int, String)[15]" classname="xw.szbz.cn.enums.DiZhiTest" time="0.001"/>
  <testcase name="testFromHour(int, String)[16]" classname="xw.szbz.cn.enums.DiZhiTest" time="0.002"/>
  <testcase name="testFromHour(int, String)[17]" classname="xw.szbz.cn.enums.DiZhiTest" time="0.001"/>
  <testcase name="testFromHour(int, String)[18]" classname="xw.szbz.cn.enums.DiZhiTest" time="0.001"/>
  <testcase name="testFromHour(int, String)[19]" classname="xw.szbz.cn.enums.DiZhiTest" time="0.0"/>
  <testcase name="testFromHour(int, String)[20]" classname="xw.szbz.cn.enums.DiZhiTest" time="0.001"/>
  <testcase name="testFromHour(int, String)[21]" classname="xw.szbz.cn.enums.DiZhiTest" time="0.001"/>
  <testcase name="testFromHour(int, String)[22]" classname="xw.szbz.cn.enums.DiZhiTest" time="0.001"/>
  <testcase name="testFromHour(int, String)[23]" classname="xw.szbz.cn.enums.DiZhiTest" time="0.002"/>
  <testcase name="testFromHour(int, String)[24]" classname="xw.szbz.cn.enums.DiZhiTest" time="0.001"/>
  <testcase name="testFromIndex_NormalRange" classname="xw.szbz.cn.enums.DiZhiTest" time="0.0"/>
  <testcase name="testFromIndex_NegativeNumber" classname="xw.szbz.cn.enums.DiZhiTest" time="0.0"/>
  <testcase name="testFromIndex_OutOfRange" classname="xw.szbz.cn.enums.DiZhiTest" time="0.001"/>
</testsuite>