<?xml version="1.0" encoding="UTF-8"?>
<testsuite xmlns:xsi="http://www.w3.org/2001/XMLSchema-instance" xsi:noNamespaceSchemaLocation="https://maven.apache.org/surefire/maven-surefire-plugin/xsd/surefire-test-report-3.0.xsd" version="3.0" name="xw.szbz.cn.service.QwenServiceTest" time="6.41" tests="6" errors="0" skipped="0" failures="1">
  <properties>
[...]
</properties>
  <testcase name="testAnalyzeBaZi_ZiShiCrossDay" classname="xw.szbz.cn.service.QwenServiceTest" time="0.002">
    <system-out><![CDATA[2025-12-29T20:46:08.139+08:00  INFO 5292 --- [szbzApi] [           main] t.c.s.AnnotationConfigContextLoaderUtils : Could not detect default configuration classes for test class [xw.szbz.cn.service.QwenServiceTest]: QwenServiceTest does not declare any static, non-private, non-final, nested classes annotated with @Configuration.
2025-12-29T20:46:08.141+08:00  INFO 5292 --- [szbzApi] [           main] .b.t.c.SpringBootTestContextBootstrapper : Found @SpringBootConfiguration xw.szbz.cn.SzbzApiApplication for test class xw.szbz.cn.service.QwenServiceTest

  .   ____          _            __ _ _
 /\\ / ___'_ __ _ _(_)_ __  __ _ \ \ \ \
( ( )\___ | '_ | '_| | '_ \/ _` | \ \ \ \
 \\/  ___)| |_)| | | | | || (_| |  ) ) ) )
  '  |____| .__|_| |_|_| |_\__, | / / / /
 =========|_|==============|___/=/_/_/_/
 :: Spring Boot ::                (v3.2.0)

2025-12-29T20:46:08.167+08:00  INFO 5292 --- [szbzApi] [           main] xw.szbz.cn.service.QwenServiceTest       : Starting QwenServiceTest using Java 17.0.2 with PID 5292 (started by 86186 in D:\project\szbz)
2025-12-29T20:46:08.167+08:00  INFO 5292 --- [szbzApi] [           main] xw.szbz.cn.service.QwenServiceTest       : No active profile set, falling back to 1 default profile: "default"
2025-12-29T20:46:08.384+08:00  INFO 5292 --- [szbzApi] [           main] xw.szbz.cn.service.QwenServiceTest       : Started QwenServiceTest in 0.239 seconds (process running for 7.802)
跳过测试：未配置 QWEN_API_KEY 环境变量
]]></system-out>
  </testcase>
  <testcase name="testAnalyzeBaZi_NoApiKey" classname="xw.szbz.cn.service.QwenServiceTest" time="3.375">
    <failure message="Expected java.util.concurrent.ExecutionException to be thrown, but nothing was thrown." type="org.opentest4j.AssertionFailedError"><![CDATA[org.opentest4j.AssertionFailedError: Expected java.util.concurrent.ExecutionException to be thrown, but nothing was thrown.
	at org.junit.jupiter.api.AssertionFailureBuilder.build(AssertionFailureBuilder.java:152)
	at org.junit.jupiter.api.AssertThrows.assertThrows(AssertThrows.java:73)
	at org.junit.jupiter.api.AssertThrows.assertThrows(AssertThrows.java:35)
	at org.junit.jupiter.api.Assertions.assertThrows(Assertions.java:3115)
	at xw.szbz.cn.service.QwenServiceTest.testAnalyzeBaZi_NoApiKey(QwenServiceTest.java:192)
	at java.base/java.lang.reflect.Method.invoke(Method.java:568)
	at java.base/java.util.ArrayList.forEach(ArrayList.java:1511)
	at java.base/java.util.ArrayList.forEach(ArrayList.java:1511)
]]></failure>
    <system-out><![CDATA[$$$$$$$$$$$$$$$$$$完整八字：{"gender":"女","yearPillar":"辛巳","monthPillar":"甲午","dayPillar":"己未","hourPillar":"己巳"}截止今年的大运和流年：[{"daYunFullName":"丙子","liuNianList":["己巳","庚午","辛未","壬申","癸酉","甲戌","乙亥","丙子","丁丑","戊寅"]}, {"daYunFullName":"丁丑","liuNianList":["己卯","庚辰","辛巳","壬午","癸未","甲申","乙酉","丙戌","丁亥","戊子"]}, {"daYunFullName":"戊寅","liuNianList":["己丑","庚寅","辛卯","壬辰","癸巳","甲午","乙未","丙申","丁酉","戊戌"]}, {"daYunFullName":"己卯","liuNianList":["己亥","庚子","辛丑","壬寅","癸卯","甲辰","乙巳"]}]


##################请作为一位专业的命理大师，师承国学大师，结合知识库案例分析逻辑和思路，结合对话给出的八字原局和大运流年详细分析八字，请从以下几个方面进行详细分析：1. 格局分析：按子平真诠的格局理论分析2. 用神喜忌：确定该八字的用神和忌神3. 学历情况：分析学历情况，精确到专科以下，专科，本科，研究生，研究生以上在这5个学历里选择4. 性格特点：根据八字推断性格特征5. 事业财运：分析事业和财运方面的特点6. 健康建议：给出健康方面的注意事项，可能存在哪方面的风险比如高血压，糖尿病，心脏病，疑难杂症等7. 职业情况：可能从事的职业，具体到行业举例：教育行业，IT行业，金融行业，医疗行业，制造业，服务业，农业行业，旅游业，文化行业，艺术行业，体育行业，娱乐行业，其他行业等8. 家庭出身：分析出生的家庭情况，比如父母职业，家庭经济状况，家庭文化氛围等9. 婚姻情感：分析婚姻情况，结合大运流年分析恋爱结婚的具体年份，情感稳定情况等请用通俗易懂的语言进行分析，不输出任何和知识库相关的内容，只在分析阶段可以参考知识库内容，字数控制在800字以内，以JSON形式返回。
]]></system-out>
  </testcase>
  <testcase name="testAnalyzeBaZi_FullFlow" classname="xw.szbz.cn.service.QwenServiceTest" time="2.774">
    <system-out><![CDATA[$$$$$$$$$$$$$$$$$$完整八字：{"gender":"女","yearPillar":"辛巳","monthPillar":"甲午","dayPillar":"己未","hourPillar":"己巳"}截止今年的大运和流年：[{"daYunFullName":"丙子","liuNianList":["己巳","庚午","辛未","壬申","癸酉","甲戌","乙亥","丙子","丁丑","戊寅"]}, {"daYunFullName":"丁丑","liuNianList":["己卯","庚辰","辛巳","壬午","癸未","甲申","乙酉","丙戌","丁亥","戊子"]}, {"daYunFullName":"戊寅","liuNianList":["己丑","庚寅","辛卯","壬辰","癸巳","甲午","乙未","丙申","丁酉","戊戌"]}, {"daYunFullName":"己卯","liuNianList":["己亥","庚子","辛丑","壬寅","癸卯","甲辰","乙巳"]}]


##################请作为一位专业的命理大师，师承国学大师，结合知识库案例分析逻辑和思路，结合对话给出的八字原局和大运流年详细分析八字，请从以下几个方面进行详细分析：1. 格局分析：按子平真诠的格局理论分析2. 用神喜忌：确定该八字的用神和忌神3. 学历情况：分析学历情况，精确到专科以下，专科，本科，研究生，研究生以上在这5个学历里选择4. 性格特点：根据八字推断性格特征5. 事业财运：分析事业和财运方面的特点6. 健康建议：给出健康方面的注意事项，可能存在哪方面的风险比如高血压，糖尿病，心脏病，疑难杂症等7. 职业情况：可能从事的职业，具体到行业举例：教育行业，IT行业，金融行业，医疗行业，制造业，服务业，农业行业，旅游业，文化行业，艺术行业，体育行业，娱乐行业，其他行业等8. 家庭出身：分析出生的家庭情况，比如父母职业，家庭经济状况，家庭文化氛围等9. 婚姻情感：分析婚姻情况，结合大运流年分析恋爱结婚的具体年份，情感稳定情况等请用通俗易懂的语言进行分析，不输出任何和知识库相关的内容，只在分析阶段可以参考知识库内容，字数控制在800字以内，以JSON形式返回。
========== 通义千问 八字分析结果（异步）==========
八字：甲子 乙亥 壬戌 庚子

分析结果：
{
  "格局分析": "此八字日主为己土，生于午月，火旺土相，己土得令，身强。年干辛金为正官，月干甲木为七杀，时支巳火为印星，整体以印生身，官杀制身，形成‘官印相生’格局。",
  "用神喜忌": "用神为壬癸水，忌神为火土金。",
  "学历情况": "本科",
  "性格特点": "聪明伶俐，有较强的学习能力与适应力，性格温和，善于交际，但有时容易优柔寡断。",
  "事业财运": "事业上适合从事文化、教育或管理类工作，财运平稳，需注意避免过度保守。",
  "健康建议": "需注意心血管系统健康，避免情绪波动过大，预防高血压风险。",
  "职业情况": "教育行业，金融行业，服务业",
  "家庭出身": "家庭经济状况一般，父母职业可能为教师或公务员，家庭文化氛围较浓厚。",
  "婚姻情感": "婚姻稳定，2018年左右进入感情期，2020年结婚，感情较为和谐。"
}
==========================================
]]></system-out>
  </testcase>
  <testcase name="testPromptBuilding" classname="xw.szbz.cn.service.QwenServiceTest" time="0.003">
    <system-out><![CDATA[八字计算结果验证通过，可用于构建提示词
]]></system-out>
  </testcase>
  <testcase name="testAnalyzeBaZi_Female" classname="xw.szbz.cn.service.QwenServiceTest" time="0.001">
    <system-out><![CDATA[跳过测试：未配置 QWEN_API_KEY 环境变量
]]></system-out>
  </testcase>
  <testcase name="testAnalyzeBaZi_Concurrent" classname="xw.szbz.cn.service.QwenServiceTest" time="0.002">
    <system-out><![CDATA[跳过测试：未配置 QWEN_API_KEY 环境变量
]]></system-out>
  </testcase>
</testsuite>